Using GPU available:  NVIDIA GeForce RTX 3090
Using  2 GPUs
Custom classifier input size: 768
############################ text results ##################################
Epoch [1/100] - Training Loss: 3.6395 - Validation Loss: 3.6273
Epoch [2/100] - Training Loss: 3.6225 - Validation Loss: 3.6220
Epoch [3/100] - Training Loss: 3.6150 - Validation Loss: 3.6152
Epoch [4/100] - Training Loss: 3.6088 - Validation Loss: 3.6101
Epoch [5/100] - Training Loss: 3.6006 - Validation Loss: 3.6081
Epoch [6/100] - Training Loss: 3.5961 - Validation Loss: 3.6062
Epoch [7/100] - Training Loss: 3.5928 - Validation Loss: 3.6047
Epoch [8/100] - Training Loss: 3.5902 - Validation Loss: 3.6037
Epoch [9/100] - Training Loss: 3.5881 - Validation Loss: 3.6030
Epoch [10/100] - Training Loss: 3.5862 - Validation Loss: 3.6024
Epoch [11/100] - Training Loss: 3.5845 - Validation Loss: 3.6019
Epoch [12/100] - Training Loss: 3.5830 - Validation Loss: 3.6015
Epoch [13/100] - Training Loss: 3.5817 - Validation Loss: 3.6012
Epoch [14/100] - Training Loss: 3.5804 - Validation Loss: 3.6009
Epoch [15/100] - Training Loss: 3.5793 - Validation Loss: 3.6007
Epoch [16/100] - Training Loss: 3.5782 - Validation Loss: 3.6006
Epoch [17/100] - Training Loss: 3.5772 - Validation Loss: 3.6004
Epoch [18/100] - Training Loss: 3.5763 - Validation Loss: 3.6003
Epoch [19/100] - Training Loss: 3.5754 - Validation Loss: 3.6001
Epoch [20/100] - Training Loss: 3.5745 - Validation Loss: 3.6000
Epoch [21/100] - Training Loss: 3.5735 - Validation Loss: 3.6000
Epoch [22/100] - Training Loss: 3.5726 - Validation Loss: 3.6001
Epoch [23/100] - Training Loss: 3.5717 - Validation Loss: 3.6002
Epoch [24/100] - Training Loss: 3.5709 - Validation Loss: 3.6002
Epoch [25/100] - Training Loss: 3.5702 - Validation Loss: 3.6001
Epoch [26/100] - Training Loss: 3.5696 - Validation Loss: 3.6000
Epoch [27/100] - Training Loss: 3.5690 - Validation Loss: 3.5998
Epoch [28/100] - Training Loss: 3.5685 - Validation Loss: 3.5997
Epoch [29/100] - Training Loss: 3.5680 - Validation Loss: 3.5998
Epoch [30/100] - Training Loss: 3.5675 - Validation Loss: 3.5998
Epoch [31/100] - Training Loss: 3.5671 - Validation Loss: 3.5998
Epoch [32/100] - Training Loss: 3.5668 - Validation Loss: 3.5995
Epoch [33/100] - Training Loss: 3.5664 - Validation Loss: 3.5992
Epoch [34/100] - Training Loss: 3.5657 - Validation Loss: 3.5993
Epoch [35/100] - Training Loss: 3.5651 - Validation Loss: 3.5996
Epoch [36/100] - Training Loss: 3.5644 - Validation Loss: 3.6000
Epoch [37/100] - Training Loss: 3.5639 - Validation Loss: 3.6001
Epoch [38/100] - Training Loss: 3.5636 - Validation Loss: 3.6000
Epoch [39/100] - Training Loss: 3.5631 - Validation Loss: 3.5999
Epoch [40/100] - Training Loss: 3.5624 - Validation Loss: 3.5997
Epoch [41/100] - Training Loss: 3.5619 - Validation Loss: 3.5995
Epoch [42/100] - Training Loss: 3.5615 - Validation Loss: 3.5993
Epoch [43/100] - Training Loss: 3.5610 - Validation Loss: 3.5993
Epoch [44/100] - Training Loss: 3.5605 - Validation Loss: 3.5994
Epoch [45/100] - Training Loss: 3.5600 - Validation Loss: 3.5995
Epoch [46/100] - Training Loss: 3.5597 - Validation Loss: 3.5996
Traceback (most recent call last):
  File "/home/apapadoi/Documents/dws-nlp-sequence-classification/bert.py", line 136, in <module>
    loss = criterion(own_model_outputs, torch.tensor(batch_y_train.tolist()).to(device))
KeyboardInterrupt
