https://livetiming.formula1.com/static/2022/Index.json
No available TeamRadio feed for 2022/2022-03-12_Pre-Season_Test/2022-03-10_Practice_1/
No available TeamRadio feed for 2022/2022-03-12_Pre-Season_Test/2022-03-11_Practice_2/
No available TeamRadio feed for 2022/2022-03-12_Pre-Season_Test/2022-03-12_Practice_3/
Loading TeamRadio data for 2022/2022-03-20_Bahrain_Grand_Prix/2022-03-18_Practice_1/
TeamRadio/VALBOT01_77_20220318_120039.mp3 audio duration: 6.456
TeamRadio/VALBOT01_77_20220318_120211.mp3 audio duration: 9.192
TeamRadio/NICHUL01_27_20220318_120249.mp3 audio duration: 12.816
TeamRadio/ESTOCO01_31_20220318_120437.mp3 audio duration: 10.704
Traceback (most recent call last):
  File "/home/apapadoi/Documents/dws-nlp-sequence-classification/data_collection.py", line 93, in <module>
    text = recognizer.recognize_google(audio_data)
  File "/home/apapadoi/miniconda3/envs/nlp-sequence-classification/lib/python3.9/site-packages/speech_recognition/recognizers/google.py", line 244, in recognize_legacy
    response_text = obtain_transcription(
  File "/home/apapadoi/miniconda3/envs/nlp-sequence-classification/lib/python3.9/site-packages/speech_recognition/recognizers/google.py", line 205, in obtain_transcription
    response = urlopen(request, timeout=timeout)
  File "/home/apapadoi/miniconda3/envs/nlp-sequence-classification/lib/python3.9/urllib/request.py", line 214, in urlopen
    return opener.open(url, data, timeout)
  File "/home/apapadoi/miniconda3/envs/nlp-sequence-classification/lib/python3.9/urllib/request.py", line 517, in open
    response = self._open(req, data)
  File "/home/apapadoi/miniconda3/envs/nlp-sequence-classification/lib/python3.9/urllib/request.py", line 534, in _open
    result = self._call_chain(self.handle_open, protocol, protocol +
  File "/home/apapadoi/miniconda3/envs/nlp-sequence-classification/lib/python3.9/urllib/request.py", line 494, in _call_chain
    result = func(*args)
  File "/home/apapadoi/miniconda3/envs/nlp-sequence-classification/lib/python3.9/urllib/request.py", line 1375, in http_open
    return self.do_open(http.client.HTTPConnection, req)
  File "/home/apapadoi/miniconda3/envs/nlp-sequence-classification/lib/python3.9/urllib/request.py", line 1350, in do_open
    r = h.getresponse()
  File "/home/apapadoi/miniconda3/envs/nlp-sequence-classification/lib/python3.9/http/client.py", line 1377, in getresponse
    response.begin()
  File "/home/apapadoi/miniconda3/envs/nlp-sequence-classification/lib/python3.9/http/client.py", line 320, in begin
    version, status, reason = self._read_status()
  File "/home/apapadoi/miniconda3/envs/nlp-sequence-classification/lib/python3.9/http/client.py", line 281, in _read_status
    line = str(self.fp.readline(_MAXLINE + 1), "iso-8859-1")
  File "/home/apapadoi/miniconda3/envs/nlp-sequence-classification/lib/python3.9/socket.py", line 704, in readinto
    return self._sock.recv_into(b)
KeyboardInterrupt
