https://livetiming.formula1.com/static/2018/Index.json
No available path for FORMULA 1 2018 GULF AIR BAHRAIN GRAND PRIX
No available path for FORMULA 1 2018 GULF AIR BAHRAIN GRAND PRIX
No available path for FORMULA 1 2018 GULF AIR BAHRAIN GRAND PRIX
No available path for FORMULA 1 2018 GULF AIR BAHRAIN GRAND PRIX
Could not load data for 2018/2018-04-08_Bahrain_Grand_Prix/2018-04-08_Race/
Could not load data for 2018/2018-04-15_Chinese_Grand_Prix/2018-04-13_Practice_1/
Could not load data for 2018/2018-04-15_Chinese_Grand_Prix/2018-04-13_Practice_2/
No available path for FORMULA 1 2018 HEINEKEN CHINESE GRAND PRIX
Could not load data for 2018/2018-04-15_Chinese_Grand_Prix/2018-04-14_Qualifying/
Could not load data for 2018/2018-04-15_Chinese_Grand_Prix/2018-04-15_Race/
Could not load data for 2018/2018-04-29_Azerbaijan_Grand_Prix/2018-04-27_Practice_1/
Could not load data for 2018/2018-04-29_Azerbaijan_Grand_Prix/2018-04-27_Practice_2/
Could not load data for 2018/2018-04-29_Azerbaijan_Grand_Prix/2018-04-28_Practice_3/
Could not load data for 2018/2018-04-29_Azerbaijan_Grand_Prix/2018-04-28_Qualifying/
Could not load data for 2018/2018-04-29_Azerbaijan_Grand_Prix/2018-04-29_Race/
Could not load data for 2018/2018-05-13_Spanish_Grand_Prix/2018-05-11_Practice_1/
Could not load data for 2018/2018-05-13_Spanish_Grand_Prix/2018-05-11_Practice_2/
Could not load data for 2018/2018-05-13_Spanish_Grand_Prix/2018-05-12_Practice_3/
Could not load data for 2018/2018-05-13_Spanish_Grand_Prix/2018-05-12_Qualifying/
Could not load data for 2018/2018-05-13_Spanish_Grand_Prix/2018-05-13_Race/
Could not load data for 2018/2018-05-27_Monaco_Grand_Prix/2018-05-24_Practice_1/
Could not load data for 2018/2018-05-27_Monaco_Grand_Prix/2018-05-24_Practice_2/
Could not load data for 2018/2018-05-27_Monaco_Grand_Prix/2018-05-26_Practice_3/
Could not load data for 2018/2018-05-27_Monaco_Grand_Prix/2018-05-26_Qualifying/
Could not load data for 2018/2018-05-27_Monaco_Grand_Prix/2018-05-27_Race/
Could not load data for 2018/2018-06-10_Canadian_Grand_Prix/2018-06-08_Practice_1/
Could not load data for 2018/2018-06-10_Canadian_Grand_Prix/2018-06-08_Practice_2/
Could not load data for 2018/2018-06-10_Canadian_Grand_Prix/2018-06-09_Practice_3/
Could not load data for 2018/2018-06-10_Canadian_Grand_Prix/2018-06-09_Qualifying/
Could not load data for 2018/2018-06-10_Canadian_Grand_Prix/2018-06-10_Race/
Could not load data for 2018/2018-06-24_French_Grand_Prix/2018-06-22_Practice_1/
Could not load data for 2018/2018-06-24_French_Grand_Prix/2018-06-22_Practice_2/
Could not load data for 2018/2018-06-24_French_Grand_Prix/2018-06-23_Practice_3/
Could not load data for 2018/2018-06-24_French_Grand_Prix/2018-06-23_Qualifying/
Could not load data for 2018/2018-06-24_French_Grand_Prix/2018-06-24_Race/
Could not load data for 2018/2018-07-01_Austrian_Grand_Prix/2018-06-29_Practice_1/
Could not load data for 2018/2018-07-01_Austrian_Grand_Prix/2018-06-29_Practice_2/
Could not load data for 2018/2018-07-01_Austrian_Grand_Prix/2018-06-30_Practice_3/
Could not load data for 2018/2018-07-01_Austrian_Grand_Prix/2018-06-30_Qualifying/
Could not load data for 2018/2018-07-01_Austrian_Grand_Prix/2018-07-01_Race/
Could not load data for 2018/2018-07-08_British_Grand_Prix/2018-07-06_Practice_1/
Could not load data for 2018/2018-07-08_British_Grand_Prix/2018-07-06_Practice_2/
Could not load data for 2018/2018-07-08_British_Grand_Prix/2018-07-07_Practice_3/
Could not load data for 2018/2018-07-08_British_Grand_Prix/2018-07-07_Qualifying/
Could not load data for 2018/2018-07-08_British_Grand_Prix/2018-07-08_Race/
Could not load data for 2018/2018-07-22_German_Grand_Prix/2018-07-20_Practice_1/
Could not load data for 2018/2018-07-22_German_Grand_Prix/2018-07-20_Practice_2/
Could not load data for 2018/2018-07-22_German_Grand_Prix/2018-07-21_Practice_3/
Could not load data for 2018/2018-07-22_German_Grand_Prix/2018-07-21_Qualifying/
Could not load data for 2018/2018-07-22_German_Grand_Prix/2018-07-22_Race/
Could not load data for 2018/2018-07-29_Hungarian_Grand_Prix/2018-07-27_Practice_1/
Could not load data for 2018/2018-07-29_Hungarian_Grand_Prix/2018-07-27_Practice_2/
Could not load data for 2018/2018-07-29_Hungarian_Grand_Prix/2018-07-28_Practice_3/
Could not load data for 2018/2018-07-29_Hungarian_Grand_Prix/2018-07-28_Qualifying/
Could not load data for 2018/2018-07-29_Hungarian_Grand_Prix/2018-07-29_Race/
Could not load data for 2018/2018-08-26_Belgian_Grand_Prix/2018-08-24_Practice_1/
Could not load data for 2018/2018-08-26_Belgian_Grand_Prix/2018-08-24_Practice_2/
Could not load data for 2018/2018-08-26_Belgian_Grand_Prix/2018-08-25_Practice_3/
Could not load data for 2018/2018-08-26_Belgian_Grand_Prix/2018-08-25_Qualifying/
Could not load data for 2018/2018-08-26_Belgian_Grand_Prix/2018-08-26_Race/
Could not load data for 2018/2018-09-02_Italian_Grand_Prix/2018-08-31_Practice_1/
Could not load data for 2018/2018-09-02_Italian_Grand_Prix/2018-08-31_Practice_2/
Could not load data for 2018/2018-09-02_Italian_Grand_Prix/2018-09-01_Practice_3/
Could not load data for 2018/2018-09-02_Italian_Grand_Prix/2018-09-01_Qualifying/
Could not load data for 2018/2018-09-02_Italian_Grand_Prix/2018-09-02_Race/
Could not load data for 2018/2018-09-16_Singapore_Grand_Prix/2018-09-14_Practice_1/
Could not load data for 2018/2018-09-16_Singapore_Grand_Prix/2018-09-14_Practice_2/
Could not load data for 2018/2018-09-16_Singapore_Grand_Prix/2018-09-15_Practice_3/
Could not load data for 2018/2018-09-16_Singapore_Grand_Prix/2018-09-15_Qualifying/
Could not load data for 2018/2018-09-16_Singapore_Grand_Prix/2018-09-16_Race/
Could not load data for 2018/2018-09-30_Russian_Grand_Prix/2018-09-28_Practice_1/
Could not load data for 2018/2018-09-30_Russian_Grand_Prix/2018-09-28_Practice_2/
Could not load data for 2018/2018-09-30_Russian_Grand_Prix/2018-09-29_Practice_3/
Could not load data for 2018/2018-09-30_Russian_Grand_Prix/2018-09-29_Qualifying/
Could not load data for 2018/2018-09-30_Russian_Grand_Prix/2018-09-30_Race/
Could not load data for 2018/2018-10-07_Japanese_Grand_Prix/2018-10-05_Practice_1/
Could not load data for 2018/2018-10-07_Japanese_Grand_Prix/2018-10-05_Practice_2/
Could not load data for 2018/2018-10-07_Japanese_Grand_Prix/2018-10-06_Practice_3/
Could not load data for 2018/2018-10-07_Japanese_Grand_Prix/2018-10-06_Qualifying/
Could not load data for 2018/2018-10-07_Japanese_Grand_Prix/2018-10-07_Race/
Loading TeamRadio data for 2018/2018-10-21_United_States_Grand_Prix/2018-10-19_Practice_1/
TeamRadio/LEWHAM01_44_20181019_104026.mp3 audio duration: 6.348
Traceback (most recent call last):
  File "/home/apapadoi/Documents/dws-nlp-sequence-classification/data_collection.py", line 73, in <module>
    current_radio_message_response = requests.get(base_url.format(session['Path'] + capture['Path']))
  File "/home/apapadoi/anaconda3/envs/nlp-sequence-classification/lib/python3.9/site-packages/requests/api.py", line 73, in get
    return request("get", url, params=params, **kwargs)
  File "/home/apapadoi/anaconda3/envs/nlp-sequence-classification/lib/python3.9/site-packages/requests/api.py", line 59, in request
    return session.request(method=method, url=url, **kwargs)
  File "/home/apapadoi/anaconda3/envs/nlp-sequence-classification/lib/python3.9/site-packages/requests/sessions.py", line 589, in request
    resp = self.send(prep, **send_kwargs)
  File "/home/apapadoi/anaconda3/envs/nlp-sequence-classification/lib/python3.9/site-packages/requests/sessions.py", line 703, in send
    r = adapter.send(request, **kwargs)
  File "/home/apapadoi/anaconda3/envs/nlp-sequence-classification/lib/python3.9/site-packages/requests/adapters.py", line 486, in send
    resp = conn.urlopen(
  File "/home/apapadoi/anaconda3/envs/nlp-sequence-classification/lib/python3.9/site-packages/urllib3/connectionpool.py", line 790, in urlopen
    response = self._make_request(
  File "/home/apapadoi/anaconda3/envs/nlp-sequence-classification/lib/python3.9/site-packages/urllib3/connectionpool.py", line 536, in _make_request
    response = conn.getresponse()
  File "/home/apapadoi/anaconda3/envs/nlp-sequence-classification/lib/python3.9/site-packages/urllib3/connection.py", line 461, in getresponse
    httplib_response = super().getresponse()
  File "/home/apapadoi/anaconda3/envs/nlp-sequence-classification/lib/python3.9/http/client.py", line 1377, in getresponse
    response.begin()
  File "/home/apapadoi/anaconda3/envs/nlp-sequence-classification/lib/python3.9/http/client.py", line 320, in begin
    version, status, reason = self._read_status()
  File "/home/apapadoi/anaconda3/envs/nlp-sequence-classification/lib/python3.9/http/client.py", line 281, in _read_status
    line = str(self.fp.readline(_MAXLINE + 1), "iso-8859-1")
KeyboardInterrupt
